{"name": "test_login_valid", "status": "failed", "statusDetails": {"message": "AssertionError: assert 'inventory123' in 'https://www.saucedemo.com/inventory.html'\n +  where 'https://www.saucedemo.com/inventory.html' = <selenium.webdriver.chrome.webdriver.WebDriver (session=\"5557cf3a261e462d727fb3bfa5863f4b\")>.current_url", "trace": "driver = <selenium.webdriver.chrome.webdriver.WebDriver (session=\"5557cf3a261e462d727fb3bfa5863f4b\")>, base_url = 'https://www.saucedemo.com'\n\n    def test_login_valid(driver, base_url):\n        driver.get(base_url)\n    \n        data = read_json(\"test_data/login_data.json\")\n        username = data[\"valid_user\"][\"username\"]\n        password = data[\"valid_user\"][\"password\"]\n    \n        login = LoginPage(driver)\n        login.login(username, password)\n    \n        # âŒ wrong assertion to fail test\n>       assert \"inventory123\" in driver.current_url\nE       assert 'inventory123' in 'https://www.saucedemo.com/inventory.html'\nE        +  where 'https://www.saucedemo.com/inventory.html' = <selenium.webdriver.chrome.webdriver.WebDriver (session=\"5557cf3a261e462d727fb3bfa5863f4b\")>.current_url\n\ntests\\ui\\test_login.py:15: AssertionError"}, "attachments": [{"name": "Failure Screenshot", "source": "6dc57ede-24c6-4aa4-b816-3cad54cd809d-attachment.png", "type": "image/png"}], "start": 1770562570528, "stop": 1770562571071, "uuid": "b677e780-252f-48ab-8800-7741afd81456", "historyId": "b0cc66b509279517dd82d858cb58c29f", "testCaseId": "b0cc66b509279517dd82d858cb58c29f", "fullName": "tests.ui.test_login#test_login_valid", "labels": [{"name": "parentSuite", "value": "tests.ui"}, {"name": "suite", "value": "test_login"}, {"name": "host", "value": "DESKTOP-98CA7FB"}, {"name": "thread", "value": "16964-MainThread"}, {"name": "framework", "value": "pytest"}, {"name": "language", "value": "cpython3"}, {"name": "package", "value": "tests.ui.test_login"}], "titlePath": ["tests", "ui", "test_login.py"]}